<?xml version="1.0" encoding="ISO-8859-1"?>
<configuration xmlns:xsi="http://www.w3.org/2001/XMLSchema-instance" xmlns="http://www.exoplatform.org/xml/ns/kernel_1_2.xsd" xsi:schemaLocation="http://www.exoplatform.org/xml/ns/kernel_1_2.xsd http://www.exoplatform.org/xml/ns/kernel_1_2.xsd">
  <component>
    <type>org.exoplatform.services.deployment.WCMContentInitializerService</type>
  </component>
  
  <external-component-plugins>
    <target-component>org.exoplatform.services.deployment.WCMContentInitializerService</target-component>
    <component-plugin>
      <name>Content Initializer Service</name>
      <set-method>addPlugin</set-method>
      <type>org.exoplatform.services.deployment.plugins.XMLDeploymentPlugin</type>
      <description>XML Deployment Plugin</description>
      <init-params>
        <value-param>
          <name>override</name>
          <description>indicates if this plugin will override data over legacy data, default value:false</description>
          <value>false</value>
        </value-param>
        <object-param>
          <name>Classic test data</name>
          <description>Deployment Descriptor</description>
          <object type="org.exoplatform.services.deployment.DeploymentDescriptor">
            <field name="target">
              <object type="org.exoplatform.services.deployment.DeploymentDescriptor$Target">
                <field name="workspace">
                  <string>collaboration</string>
                </field>
                <field name="nodePath">
                  <string>/sites content/live/classic/web contents/site artifacts</string>
                </field>
              </object>
            </field>
            <field name="sourcePath">
              <string>jar:/conf/dms/artifacts/node/TestService.xml</string>
            </field>
          </object>
        </object-param>
      </init-params>
    </component-plugin>
  </external-component-plugins>
</configuration>
